[ 2017-10-15T22:42:04+08:00 ] ::1 /subject/index.php/jackbox/css/jackbox.min.css
INFO: [ app_init ] --START--
INFO: Run Behavior\BuildLiteBehavior [ RunTime:0.000028s ]
INFO: [ app_init ] --END-- [ RunTime:0.001338s ]
ERR: 无法加载模块:Jackbox

[ 2017-10-15T22:42:44+08:00 ] ::1 /subject/index.php/jackbox/css/jackbox.min.css
INFO: [ app_init ] --START--
INFO: Run Behavior\BuildLiteBehavior [ RunTime:0.000031s ]
INFO: [ app_init ] --END-- [ RunTime:0.001504s ]
ERR: 无法加载模块:Jackbox

[ 2017-10-15T22:43:32+08:00 ] ::1 /subject/index.php/jackbox/css/jackbox.min.css
INFO: [ app_init ] --START--
INFO: Run Behavior\BuildLiteBehavior [ RunTime:0.000037s ]
INFO: [ app_init ] --END-- [ RunTime:0.002080s ]
ERR: 无法加载模块:Jackbox

[ 2017-10-15T22:45:09+08:00 ] ::1 /subject/index.php/jackbox/css/jackbox.min.css
INFO: [ app_init ] --START--
INFO: Run Behavior\BuildLiteBehavior [ RunTime:0.000032s ]
INFO: [ app_init ] --END-- [ RunTime:0.001764s ]
ERR: 无法加载模块:Jackbox

[ 2017-10-15T22:45:44+08:00 ] ::1 /subject/index.php/jackbox/css/jackbox.min.css
INFO: [ app_init ] --START--
INFO: Run Behavior\BuildLiteBehavior [ RunTime:0.000031s ]
INFO: [ app_init ] --END-- [ RunTime:0.001402s ]
ERR: 无法加载模块:Jackbox

